<?xml version="1.0" encoding="UTF-8"?>
<!-- Generated by org.testng.reporters.JUnitReportReporter -->
<testsuite hostname="LAPTOP-4BOLQVHO" failures="0" tests="11" name="techpro.vendora" time="28.977" errors="0" timestamp="2022-02-05T22:21:58 IST" skipped="0">
  <testcase classname="techpro.vendora" name="Logintest" time="1.640"/>
  <system-out/>
  <testcase classname="techpro.vendora" name="Logintest" time="2.221"/>
  <system-out/>
  <testcase classname="techpro.vendora" name="Logintest" time="2.548"/>
  <system-out/>
  <testcase classname="techpro.vendora" name="Logintest" time="1.325"/>
  <system-out/>
  <testcase classname="techpro.vendora" name="Logintest" time="7.097"/>
  <system-out/>
  <testcase classname="techpro.vendora" name="Logintest" time="3.364"/>
  <system-out/>
  <testcase classname="techpro.vendora" name="Logintest" time="3.356"/>
  <system-out/>
  <testcase classname="techpro.vendora" name="Assertion" time="0.337"/>
  <system-out/>
  <testcase classname="techpro.vendora" name="Search" time="1.929"/>
  <system-out/>
  <testcase classname="techpro.vendora" name="Locationwise" time="1.278"/>
  <system-out/>
  <testcase classname="techpro.vendora" name="Vendorwise" time="3.882"/>
  <system-out/>
</testsuite> <!-- techpro.vendora -->
